2019-03-18 04:09:07 +0000  Initial pipeline context: <IDEDistributionProcessingPipelineContext: 0x7f815a6f98c0; archive(resolved)='<IDEArchive: 0x7f8159441170>', distributionTask(resolved)='2', distributionDestination(resolved)='1', distributionMethod(resolved)='<IDEDistributionMethodAdHoc: 0x7f8152898c90>', team(resolved)='<IDEProvisioningDisambiguatableBasicTeam: 0x7f815340fa40; teamID='CS6BZ8L8Z4', teamName='ZIJIN FULCRUM TECHNOLOGY CO.,LTD.', teamType='Company', username='apple@zjft.com', isFreeProvisioningTeam='0'>'>
	Chain (12, self inclusive):
	<IDEDistributionProcessingPipelineContext: 0x7f815a6f98c0; archive = '<IDEArchive: 0x7f8159441170>', distributionMethod='<IDEDistributionMethodAdHoc: 0x7f8152898c90>', team='<IDEProvisioningDisambiguatableBasicTeam: 0x7f815340fa40; teamID='CS6BZ8L8Z4', teamName='ZIJIN FULCRUM TECHNOLOGY CO.,LTD.', teamType='Company', username='apple@zjft.com', isFreeProvisioningTeam='0'>'>
	<IDEDistributionProcessingPipelineContext: 0x7f81523dfb40; archive = '<IDEArchive: 0x7f8159441170>', distributionMethod='<IDEDistributionMethodAdHoc: 0x7f8152898c90>', team='<IDEProvisioningDisambiguatableBasicTeam: 0x7f815340fa40; teamID='CS6BZ8L8Z4', teamName='ZIJIN FULCRUM TECHNOLOGY CO.,LTD.', teamType='Company', username='apple@zjft.com', isFreeProvisioningTeam='0'>'>
	<IDEDistributionContext: 0x7f815a199a00; archive = '<IDEArchive: 0x7f8159441170>', distributionMethod='<IDEDistributionMethodAdHoc: 0x7f8152898c90>', team='<IDEProvisioningDisambiguatableBasicTeam: 0x7f815340fa40; teamID='CS6BZ8L8Z4', teamName='ZIJIN FULCRUM TECHNOLOGY CO.,LTD.', teamType='Company', username='apple@zjft.com', isFreeProvisioningTeam='0'>'>
	<IDEDistributionContext: 0x7f815a825530; archive = '<IDEArchive: 0x7f8159441170>', distributionMethod='<IDEDistributionMethodAdHoc: 0x7f8152898c90>', team='<IDEProvisioningDisambiguatableBasicTeam: 0x7f815340fa40; teamID='CS6BZ8L8Z4', teamName='ZIJIN FULCRUM TECHNOLOGY CO.,LTD.', teamType='Company', username='apple@zjft.com', isFreeProvisioningTeam='0'>'>
	<IDEDistributionContext: 0x7f815a2d6250; archive = '<IDEArchive: 0x7f8159441170>', distributionMethod='<IDEDistributionMethodAdHoc: 0x7f8152898c90>', team='<IDEProvisioningDisambiguatableBasicTeam: 0x7f815340fa40; teamID='CS6BZ8L8Z4', teamName='ZIJIN FULCRUM TECHNOLOGY CO.,LTD.', teamType='Company', username='apple@zjft.com', isFreeProvisioningTeam='0'>'>
	<IDEDistributionContext: 0x7f815a3a2ff0; archive = '<IDEArchive: 0x7f8159441170>', distributionMethod='<IDEDistributionMethodAdHoc: 0x7f8152898c90>', team='<IDEProvisioningDisambiguatableBasicTeam: 0x7f815340fa40; teamID='CS6BZ8L8Z4', teamName='ZIJIN FULCRUM TECHNOLOGY CO.,LTD.', teamType='Company', username='apple@zjft.com', isFreeProvisioningTeam='0'>'>
	<IDEDistributionContext: 0x7f815a6c2a10; archive = '<IDEArchive: 0x7f8159441170>', distributionMethod='<IDEDistributionMethodAdHoc: 0x7f8152898c90>', team='<IDEProvisioningDisambiguatableBasicTeam: 0x7f815340fa40; teamID='CS6BZ8L8Z4', teamName='ZIJIN FULCRUM TECHNOLOGY CO.,LTD.', teamType='Company', username='apple@zjft.com', isFreeProvisioningTeam='0'>'>
	<IDEDistributionContext: 0x7f815a62b190; archive = '<IDEArchive: 0x7f8159441170>', distributionMethod='<IDEDistributionMethodAdHoc: 0x7f8152898c90>', team='<IDEProvisioningDisambiguatableBasicTeam: 0x7f815340fa40; teamID='CS6BZ8L8Z4', teamName='ZIJIN FULCRUM TECHNOLOGY CO.,LTD.', teamType='Company', username='apple@zjft.com', isFreeProvisioningTeam='0'>'>
	<IDEDistributionContext: 0x7f815a313240; archive = '<IDEArchive: 0x7f8159441170>', distributionMethod='<IDEDistributionMethodAdHoc: 0x7f8152898c90>', team='<IDEProvisioningDisambiguatableBasicTeam: 0x7f815340fa40; teamID='CS6BZ8L8Z4', teamName='ZIJIN FULCRUM TECHNOLOGY CO.,LTD.', teamType='Company', username='apple@zjft.com', isFreeProvisioningTeam='0'>'>
	<IDEDistributionContext: 0x7f815a6f9aa0; archive = '<IDEArchive: 0x7f8159441170>', distributionMethod='<IDEDistributionMethodAdHoc: 0x7f8152898c90>', team='(null)'>
	<IDEDistributionContext: 0x7f81544b0b40; archive = '<IDEArchive: 0x7f8159441170>', distributionMethod='<IDEDistributionMethodAdHoc: 0x7f8152898c90>', team='(null)'>
	<IDEDistributionContext: 0x7f815a818df0; archive = '<IDEArchive: 0x7f8159441170>', distributionMethod='(null)', team='(null)'>
</IDEDistributionProcessingPipelineContext: 0x7f815a6f98c0>
2019-03-18 04:09:07 +0000  Processing step: IDEDistributionCreateDestRootStep
2019-03-18 04:09:07 +0000  Processing step: IDEDistributionCopyItemStep
2019-03-18 04:09:07 +0000  Running /usr/bin/ditto '-V' '/Users/kczhang/Library/Developer/Xcode/Archives/2019-03-18/sheperd 2019-3-18 12.06.xcarchive/Products/Applications/sheperd.app' '/var/folders/ss/btxhmxn52575vnnd22cxk2440000gn/T/XcodeDistPipeline.QJR/Root/Payload/sheperd.app'
2019-03-18 04:09:07 +0000  >>> Copying /Users/kczhang/Library/Developer/Xcode/Archives/2019-03-18/sheperd 2019-3-18 12.06.xcarchive/Products/Applications/sheperd.app 
2019-03-18 04:09:07 +0000  
2019-03-18 04:09:07 +0000  copying file ./LaunchImage-700-Portrait~ipad.png ... 
2019-03-18 04:09:07 +0000  74890 bytes for ./LaunchImage-700-Portrait~ipad.png
2019-03-18 04:09:07 +0000  copying file ./LaunchImage-800-Landscape-736h@3x.png ... 
2019-03-18 04:09:07 +0000  63597 bytes for ./LaunchImage-800-Landscape-736h@3x.png
copying file ./LaunchImage-Portrait@2x~ipad.png ... 
2019-03-18 04:09:07 +0000  154923 bytes for ./LaunchImage-Portrait@2x~ipad.png
2019-03-18 04:09:07 +0000  copying file ./AppIcon29x29~ipad.png ... 
2019-03-18 04:09:07 +0000  3349 bytes for ./AppIcon29x29~ipad.png
2019-03-18 04:09:07 +0000  copying file ./AppIcon76x76@2x~ipad.png ... 
2019-03-18 04:09:07 +0000  16629 bytes for ./AppIcon76x76@2x~ipad.png
2019-03-18 04:09:07 +0000  copying file ./LaunchImage-700@2x.png ... 
2019-03-18 04:09:07 +0000  55319 bytes for ./LaunchImage-700@2x.png
2019-03-18 04:09:07 +0000  copying file ./AppIcon40x40@2x~ipad.png ... 
2019-03-18 04:09:07 +0000  8883 bytes for ./AppIcon40x40@2x~ipad.png
2019-03-18 04:09:07 +0000  copying file ./LaunchImage-700-Landscape@2x~ipad.png ... 
2019-03-18 04:09:07 +0000  161722 bytes for ./LaunchImage-700-Landscape@2x~ipad.png
2019-03-18 04:09:07 +0000  copying file ./LaunchImage-700-568h@2x.png ... 
2019-03-18 04:09:07 +0000  61990 bytes for ./LaunchImage-700-568h@2x.png
2019-03-18 04:09:07 +0000  copying file ./LaunchImage-Portrait~ipad.png ... 
2019-03-18 04:09:07 +0000  74890 bytes for ./LaunchImage-Portrait~ipad.png
2019-03-18 04:09:07 +0000  copying file ./LaunchImage-568h@2x.png ... 
2019-03-18 04:09:07 +0000  61990 bytes for ./LaunchImage-568h@2x.png
2019-03-18 04:09:07 +0000  copying file ./AppIcon29x29@2x~ipad.png ... 
2019-03-18 04:09:07 +0000  6585 bytes for ./AppIcon29x29@2x~ipad.png
2019-03-18 04:09:07 +0000  copying file ./AppIcon50x50@2x~ipad.png ... 
2019-03-18 04:09:07 +0000  11331 bytes for ./AppIcon50x50@2x~ipad.png
2019-03-18 04:09:07 +0000  copying file ./_CodeSignature/CodeResources ... 
2019-03-18 04:09:07 +0000  19543 bytes for ./_CodeSignature/CodeResources
2019-03-18 04:09:07 +0000  copying file ./config.xml ... 
2019-03-18 04:09:07 +0000  2438 bytes for ./config.xml
2019-03-18 04:09:07 +0000  copying file ./www/index.html ... 
2019-03-18 04:09:07 +0000  600 bytes for ./www/index.html
2019-03-18 04:09:07 +0000  copying file ./www/cordova.js ... 
2019-03-18 04:09:07 +0000  61623 bytes for ./www/cordova.js
2019-03-18 04:09:07 +0000  copying file ./www/css/app.eeaf46148ee08218e6c4a454723eb88e.css ... 
2019-03-18 04:09:07 +0000  35192 bytes for ./www/css/app.eeaf46148ee08218e6c4a454723eb88e.css
2019-03-18 04:09:07 +0000  copying file ./www/css/app.eeaf46148ee08218e6c4a454723eb88e.css.map ... 
2019-03-18 04:09:07 +0000  59306 bytes for ./www/css/app.eeaf46148ee08218e6c4a454723eb88e.css.map
2019-03-18 04:09:07 +0000  copying file ./www/plugins/cordova-plugin-statusbar/www/statusbar.js ... 
2019-03-18 04:09:07 +0000  3376 bytes for ./www/plugins/cordova-plugin-statusbar/www/statusbar.js
2019-03-18 04:09:07 +0000  copying file ./www/js/app.d08a2ccc52101acebbed.js ... 
2019-03-18 04:09:07 +0000  141131 bytes for ./www/js/app.d08a2ccc52101acebbed.js
2019-03-18 04:09:07 +0000  copying file ./www/js/manifest.5abe310ef2fafcf81b83.js ... 
2019-03-18 04:09:07 +0000  856 bytes for ./www/js/manifest.5abe310ef2fafcf81b83.js
copying file ./www/js/app.d08a2ccc52101acebbed.js.map ... 
2019-03-18 04:09:07 +0000  435199 bytes for ./www/js/app.d08a2ccc52101acebbed.js.map
2019-03-18 04:09:07 +0000  copying file ./www/js/vendor.30a2beb46a50400bab3d.js.map ... 
2019-03-18 04:09:07 +0000  995367 bytes for ./www/js/vendor.30a2beb46a50400bab3d.js.map
2019-03-18 04:09:07 +0000  copying file ./www/js/manifest.5abe310ef2fafcf81b83.js.map ... 
4964 bytes for ./www/js/manifest.5abe310ef2fafcf81b83.js.map
copying file ./www/js/vendor.30a2beb46a50400bab3d.js ... 
212641 bytes for ./www/js/vendor.30a2beb46a50400bab3d.js
copying file ./www/cordova-js-src/exec.js ... 
2019-03-18 04:09:07 +0000  8877 bytes for ./www/cordova-js-src/exec.js
copying file ./www/cordova-js-src/platform.js ... 
2019-03-18 04:09:07 +0000  943 bytes for ./www/cordova-js-src/platform.js
2019-03-18 04:09:07 +0000  copying file ./www/cordova_plugins.js ... 
2019-03-18 04:09:07 +0000  498 bytes for ./www/cordova_plugins.js
2019-03-18 04:09:07 +0000  copying file ./AppIcon76x76~ipad.png ... 
2019-03-18 04:09:07 +0000  8463 bytes for ./AppIcon76x76~ipad.png
2019-03-18 04:09:07 +0000  copying file ./LaunchImage-700-Landscape~ipad.png ... 
2019-03-18 04:09:07 +0000  76512 bytes for ./LaunchImage-700-Landscape~ipad.png
copying file ./sheperd ... 
2019-03-18 04:09:07 +0000  561264 bytes for ./sheperd
2019-03-18 04:09:07 +0000  copying file ./MainViewController.nib ... 
943 bytes for ./MainViewController.nib
copying file ./LaunchImage@2x.png ... 
55319 bytes for ./LaunchImage@2x.png
2019-03-18 04:09:07 +0000  copying file ./Info.plist ... 
2019-03-18 04:09:07 +0000  1959 bytes for ./Info.plist
2019-03-18 04:09:07 +0000  copying file ./AppIcon40x40~ipad.png ... 
2019-03-18 04:09:07 +0000  4450 bytes for ./AppIcon40x40~ipad.png
2019-03-18 04:09:07 +0000  copying file ./AppIcon83.5x83.5@2x~ipad.png ... 
2019-03-18 04:09:07 +0000  28234 bytes for ./AppIcon83.5x83.5@2x~ipad.png
2019-03-18 04:09:07 +0000  copying file ./LaunchImage-800-667h@2x.png ... 
2019-03-18 04:09:07 +0000  52100 bytes for ./LaunchImage-800-667h@2x.png
2019-03-18 04:09:07 +0000  copying file ./LaunchImage-700-Portrait@2x~ipad.png ... 
2019-03-18 04:09:07 +0000  154923 bytes for ./LaunchImage-700-Portrait@2x~ipad.png
2019-03-18 04:09:07 +0000  copying file ./CDVLaunchScreen.storyboardc/01J-lp-oVM-view-Ze5-6b-2t3.nib ... 
2019-03-18 04:09:07 +0000  2281 bytes for ./CDVLaunchScreen.storyboardc/01J-lp-oVM-view-Ze5-6b-2t3.nib
2019-03-18 04:09:07 +0000  copying file ./CDVLaunchScreen.storyboardc/UIViewController-01J-lp-oVM.nib ... 
2019-03-18 04:09:07 +0000  832 bytes for ./CDVLaunchScreen.storyboardc/UIViewController-01J-lp-oVM.nib
2019-03-18 04:09:07 +0000  copying file ./CDVLaunchScreen.storyboardc/Info.plist ... 
2019-03-18 04:09:07 +0000  258 bytes for ./CDVLaunchScreen.storyboardc/Info.plist
2019-03-18 04:09:07 +0000  copying file ./LaunchImage-800-Portrait-736h@3x.png ... 
2019-03-18 04:09:07 +0000  62285 bytes for ./LaunchImage-800-Portrait-736h@3x.png
2019-03-18 04:09:07 +0000  copying file ./AppIcon72x72@2x~ipad.png ... 
2019-03-18 04:09:07 +0000  17926 bytes for ./AppIcon72x72@2x~ipad.png
2019-03-18 04:09:07 +0000  copying file ./AppIcon50x50~ipad.png ... 
2019-03-18 04:09:07 +0000  5557 bytes for ./AppIcon50x50~ipad.png
2019-03-18 04:09:07 +0000  copying file ./AppIcon29x29.png ... 
2019-03-18 04:09:07 +0000  3349 bytes for ./AppIcon29x29.png
2019-03-18 04:09:07 +0000  copying file ./AppIcon60x60@3x.png ... 
2019-03-18 04:09:07 +0000  33390 bytes for ./AppIcon60x60@3x.png
2019-03-18 04:09:07 +0000  copying file ./AppIcon72x72~ipad.png ... 
2019-03-18 04:09:07 +0000  8045 bytes for ./AppIcon72x72~ipad.png
2019-03-18 04:09:07 +0000  copying file ./AppIcon29x29@3x.png ... 
2019-03-18 04:09:07 +0000  9082 bytes for ./AppIcon29x29@3x.png
2019-03-18 04:09:07 +0000  copying file ./PkgInfo ... 
2019-03-18 04:09:07 +0000  8 bytes for ./PkgInfo
2019-03-18 04:09:07 +0000  copying file ./Assets.car ... 
2019-03-18 04:09:07 +0000  242328 bytes for ./Assets.car
2019-03-18 04:09:07 +0000  copying file ./LaunchImage.png ... 
2019-03-18 04:09:07 +0000  20021 bytes for ./LaunchImage.png
copying file ./embedded.mobileprovision ... 
2019-03-18 04:09:07 +0000  7726 bytes for ./embedded.mobileprovision
2019-03-18 04:09:07 +0000  copying file ./AppIcon40x40@2x.png ... 
2019-03-18 04:09:07 +0000  8883 bytes for ./AppIcon40x40@2x.png
2019-03-18 04:09:07 +0000  copying file ./AppIcon40x40@3x.png ... 
2019-03-18 04:09:07 +0000  14152 bytes for ./AppIcon40x40@3x.png
2019-03-18 04:09:07 +0000  copying file ./AppIcon57x57.png ... 
2019-03-18 04:09:07 +0000  5977 bytes for ./AppIcon57x57.png
2019-03-18 04:09:07 +0000  copying file ./AppIcon57x57@2x.png ... 
2019-03-18 04:09:07 +0000  13012 bytes for ./AppIcon57x57@2x.png
2019-03-18 04:09:07 +0000  copying file ./AppIcon29x29@2x.png ... 
2019-03-18 04:09:07 +0000  6585 bytes for ./AppIcon29x29@2x.png
2019-03-18 04:09:07 +0000  copying file ./AppIcon60x60@2x.png ... 
2019-03-18 04:09:07 +0000  14152 bytes for ./AppIcon60x60@2x.png
2019-03-18 04:09:07 +0000  /usr/bin/ditto exited with 0
2019-03-18 04:09:07 +0000  Processing step: IDEDistributionEmbedProfileStep
2019-03-18 04:09:07 +0000  Processing step: IDEDistributionAppThinningPlistStep
2019-03-18 04:09:07 +0000  Skipping step: IDEDistributionAppThinningPlistStep because it said so
2019-03-18 04:09:07 +0000  Processing step: IDEDistributionCompileBitcodeStep
2019-03-18 04:09:07 +0000  Skipping step: IDEDistributionCompileBitcodeStep because it said so
2019-03-18 04:09:07 +0000  Processing step: IDEDistributionCodeSlimmingStep
2019-03-18 04:09:07 +0000  Processing step: IDEDistributionCopyBCSymbolMapsStep
2019-03-18 04:09:07 +0000  Skipping step: IDEDistributionCopyBCSymbolMapsStep because it said so
2019-03-18 04:09:07 +0000  Processing step: IDEDistributionSymbolsStep
2019-03-18 04:09:07 +0000  Skipping step: IDEDistributionSymbolsStep because it said so
2019-03-18 04:09:07 +0000  Processing step: IDEDistributionAppThinningStep
2019-03-18 04:09:07 +0000  Skipping step: IDEDistributionAppThinningStep because it said so
2019-03-18 04:09:07 +0000  Processing step: IDEDistributionArchThinningStep
2019-03-18 04:09:07 +0000  Running /Applications/Xcode.app/Contents/Developer/Toolchains/XcodeDefault.xctoolchain/usr/bin/lipo '/var/folders/ss/btxhmxn52575vnnd22cxk2440000gn/T/XcodeDistPipeline.QJR/Root/Payload/sheperd.app/sheperd' '-verify_arch' 'arm64e'
2019-03-18 04:09:07 +0000  /Applications/Xcode.app/Contents/Developer/Toolchains/XcodeDefault.xctoolchain/usr/bin/lipo exited with 1
2019-03-18 04:09:07 +0000  Skipping architecture thinning for item "sheperd" because arch "arm64e" wasn't found
2019-03-18 04:09:07 +0000  Processing step: IDEDistributionODRStep
2019-03-18 04:09:07 +0000  Processing step: IDEDistributionStripXattrsStep
2019-03-18 04:09:07 +0000  Running /usr/bin/xattr '-crs' '/var/folders/ss/btxhmxn52575vnnd22cxk2440000gn/T/XcodeDistPipeline.QJR/Root/Payload/sheperd.app'
2019-03-18 04:09:07 +0000  /usr/bin/xattr exited with 0
2019-03-18 04:09:07 +0000  Processing step: IDEDistributionCodesignStep
2019-03-18 04:09:07 +0000  Entitlements for <IDEDistributionItem: 0x7f815a87f200 'com.zijin.cordova.sheperd' '<DVTFilePath:0x7f8155045dd0:'/Users/kczhang/Library/Developer/Xcode/Archives/2019-03-18/sheperd 2019-3-18 12.06.xcarchive/Products/Applications/sheperd.app'>'>: {
    "application-identifier" = "CS6BZ8L8Z4.com.zijin.cordova.sheperd";
    "com.apple.developer.team-identifier" = CS6BZ8L8Z4;
    "get-task-allow" = 0;
}
2019-03-18 04:09:07 +0000  Writing entitlements for <IDEDistributionItem: 0x7f815a87f200 'com.zijin.cordova.sheperd' '<DVTFilePath:0x7f8155045dd0:'/Users/kczhang/Library/Developer/Xcode/Archives/2019-03-18/sheperd 2019-3-18 12.06.xcarchive/Products/Applications/sheperd.app'>'> to: /var/folders/ss/btxhmxn52575vnnd22cxk2440000gn/T/XcodeDistPipeline.QJR/entitlementsskc6T8
2019-03-18 04:09:07 +0000  Running /usr/bin/codesign '-vvv' '--force' '--sign' '13FFEB9FC98F805ACC04AE188E8EB4E63756CDD5' '--entitlements' '/var/folders/ss/btxhmxn52575vnnd22cxk2440000gn/T/XcodeDistPipeline.QJR/entitlementsskc6T8' '--preserve-metadata=identifier,flags,runtime' '/var/folders/ss/btxhmxn52575vnnd22cxk2440000gn/T/XcodeDistPipeline.QJR/Root/Payload/sheperd.app'
2019-03-18 04:09:07 +0000  /var/folders/ss/btxhmxn52575vnnd22cxk2440000gn/T/XcodeDistPipeline.QJR/Root/Payload/sheperd.app: replacing existing signature
2019-03-18 04:09:07 +0000  /var/folders/ss/btxhmxn52575vnnd22cxk2440000gn/T/XcodeDistPipeline.QJR/Root/Payload/sheperd.app: signed app bundle with Mach-O universal (armv7 arm64) [com.zijin.cordova.sheperd]
2019-03-18 04:09:07 +0000  /usr/bin/codesign exited with 0
2019-03-18 04:09:07 +0000  Processing step: IDEDistributionZipODRItemStep
2019-03-18 04:09:07 +0000  Skipping step: IDEDistributionZipODRItemStep because it said so
2019-03-18 04:09:07 +0000  Processing step: IDEDistributionCreateIPAStep
2019-03-18 04:09:07 +0000  Running /usr/bin/ditto '-V' '-c' '-k' '--norsrc' '/var/folders/ss/btxhmxn52575vnnd22cxk2440000gn/T/XcodeDistPipeline.QJR/Root' '/var/folders/ss/btxhmxn52575vnnd22cxk2440000gn/T/XcodeDistPipeline.QJR/Packages/sheperd.ipa'
2019-03-18 04:09:07 +0000  >>> Copying /var/folders/ss/btxhmxn52575vnnd22cxk2440000gn/T/XcodeDistPipeline.QJR/Root 
2019-03-18 04:09:07 +0000  copying file ./Payload/sheperd.app/LaunchImage-700-Portrait~ipad.png ... 
2019-03-18 04:09:07 +0000  74890 bytes for ./Payload/sheperd.app/LaunchImage-700-Portrait~ipad.png
2019-03-18 04:09:07 +0000  copying file ./Payload/sheperd.app/LaunchImage-800-Landscape-736h@3x.png ... 
2019-03-18 04:09:07 +0000  63597 bytes for ./Payload/sheperd.app/LaunchImage-800-Landscape-736h@3x.png
2019-03-18 04:09:07 +0000  copying file ./Payload/sheperd.app/LaunchImage-Portrait@2x~ipad.png ... 
2019-03-18 04:09:07 +0000  154923 bytes for ./Payload/sheperd.app/LaunchImage-Portrait@2x~ipad.png
2019-03-18 04:09:07 +0000  copying file ./Payload/sheperd.app/AppIcon29x29~ipad.png ... 
2019-03-18 04:09:07 +0000  3349 bytes for ./Payload/sheperd.app/AppIcon29x29~ipad.png
copying file ./Payload/sheperd.app/AppIcon76x76@2x~ipad.png ... 
2019-03-18 04:09:07 +0000  16629 bytes for ./Payload/sheperd.app/AppIcon76x76@2x~ipad.png
2019-03-18 04:09:07 +0000  copying file ./Payload/sheperd.app/LaunchImage-700@2x.png ... 
2019-03-18 04:09:07 +0000  55319 bytes for ./Payload/sheperd.app/LaunchImage-700@2x.png
2019-03-18 04:09:07 +0000  copying file ./Payload/sheperd.app/AppIcon40x40@2x~ipad.png ... 
2019-03-18 04:09:07 +0000  8883 bytes for ./Payload/sheperd.app/AppIcon40x40@2x~ipad.png
2019-03-18 04:09:07 +0000  copying file ./Payload/sheperd.app/LaunchImage-700-Landscape@2x~ipad.png ... 
2019-03-18 04:09:07 +0000  161722 bytes for ./Payload/sheperd.app/LaunchImage-700-Landscape@2x~ipad.png
2019-03-18 04:09:07 +0000  copying file ./Payload/sheperd.app/LaunchImage-700-568h@2x.png ... 
2019-03-18 04:09:07 +0000  61990 bytes for ./Payload/sheperd.app/LaunchImage-700-568h@2x.png
2019-03-18 04:09:07 +0000  copying file ./Payload/sheperd.app/LaunchImage-Portrait~ipad.png ... 
2019-03-18 04:09:07 +0000  74890 bytes for ./Payload/sheperd.app/LaunchImage-Portrait~ipad.png
2019-03-18 04:09:07 +0000  copying file ./Payload/sheperd.app/LaunchImage-568h@2x.png ... 
2019-03-18 04:09:07 +0000  61990 bytes for ./Payload/sheperd.app/LaunchImage-568h@2x.png
2019-03-18 04:09:07 +0000  copying file ./Payload/sheperd.app/AppIcon29x29@2x~ipad.png ... 
2019-03-18 04:09:07 +0000  6585 bytes for ./Payload/sheperd.app/AppIcon29x29@2x~ipad.png
2019-03-18 04:09:07 +0000  copying file ./Payload/sheperd.app/AppIcon50x50@2x~ipad.png ... 
2019-03-18 04:09:07 +0000  11331 bytes for ./Payload/sheperd.app/AppIcon50x50@2x~ipad.png
2019-03-18 04:09:07 +0000  copying file ./Payload/sheperd.app/_CodeSignature/CodeResources ... 
2019-03-18 04:09:07 +0000  19543 bytes for ./Payload/sheperd.app/_CodeSignature/CodeResources
2019-03-18 04:09:07 +0000  copying file ./Payload/sheperd.app/config.xml ... 
2019-03-18 04:09:07 +0000  2438 bytes for ./Payload/sheperd.app/config.xml
2019-03-18 04:09:07 +0000  copying file ./Payload/sheperd.app/www/index.html ... 
2019-03-18 04:09:07 +0000  600 bytes for ./Payload/sheperd.app/www/index.html
copying file ./Payload/sheperd.app/www/cordova.js ... 
2019-03-18 04:09:07 +0000  61623 bytes for ./Payload/sheperd.app/www/cordova.js
2019-03-18 04:09:07 +0000  copying file ./Payload/sheperd.app/www/css/app.eeaf46148ee08218e6c4a454723eb88e.css ... 
2019-03-18 04:09:07 +0000  35192 bytes for ./Payload/sheperd.app/www/css/app.eeaf46148ee08218e6c4a454723eb88e.css
2019-03-18 04:09:07 +0000  copying file ./Payload/sheperd.app/www/css/app.eeaf46148ee08218e6c4a454723eb88e.css.map ... 
2019-03-18 04:09:07 +0000  59306 bytes for ./Payload/sheperd.app/www/css/app.eeaf46148ee08218e6c4a454723eb88e.css.map
2019-03-18 04:09:07 +0000  copying file ./Payload/sheperd.app/www/plugins/cordova-plugin-statusbar/www/statusbar.js ... 
2019-03-18 04:09:07 +0000  3376 bytes for ./Payload/sheperd.app/www/plugins/cordova-plugin-statusbar/www/statusbar.js
2019-03-18 04:09:07 +0000  copying file ./Payload/sheperd.app/www/js/app.d08a2ccc52101acebbed.js ... 
2019-03-18 04:09:07 +0000  141131 bytes for ./Payload/sheperd.app/www/js/app.d08a2ccc52101acebbed.js
2019-03-18 04:09:07 +0000  copying file ./Payload/sheperd.app/www/js/manifest.5abe310ef2fafcf81b83.js ... 
2019-03-18 04:09:07 +0000  856 bytes for ./Payload/sheperd.app/www/js/manifest.5abe310ef2fafcf81b83.js
copying file ./Payload/sheperd.app/www/js/app.d08a2ccc52101acebbed.js.map ... 
2019-03-18 04:09:07 +0000  435199 bytes for ./Payload/sheperd.app/www/js/app.d08a2ccc52101acebbed.js.map
2019-03-18 04:09:07 +0000  copying file ./Payload/sheperd.app/www/js/vendor.30a2beb46a50400bab3d.js.map ... 
2019-03-18 04:09:08 +0000  995367 bytes for ./Payload/sheperd.app/www/js/vendor.30a2beb46a50400bab3d.js.map
2019-03-18 04:09:08 +0000  copying file ./Payload/sheperd.app/www/js/manifest.5abe310ef2fafcf81b83.js.map ... 
2019-03-18 04:09:08 +0000  4964 bytes for ./Payload/sheperd.app/www/js/manifest.5abe310ef2fafcf81b83.js.map
copying file ./Payload/sheperd.app/www/js/vendor.30a2beb46a50400bab3d.js ... 
2019-03-18 04:09:08 +0000  212641 bytes for ./Payload/sheperd.app/www/js/vendor.30a2beb46a50400bab3d.js
2019-03-18 04:09:08 +0000  copying file ./Payload/sheperd.app/www/cordova-js-src/exec.js ... 
2019-03-18 04:09:08 +0000  8877 bytes for ./Payload/sheperd.app/www/cordova-js-src/exec.js
2019-03-18 04:09:08 +0000  copying file ./Payload/sheperd.app/www/cordova-js-src/platform.js ... 
2019-03-18 04:09:08 +0000  943 bytes for ./Payload/sheperd.app/www/cordova-js-src/platform.js
copying file ./Payload/sheperd.app/www/cordova_plugins.js ... 
2019-03-18 04:09:08 +0000  498 bytes for ./Payload/sheperd.app/www/cordova_plugins.js
2019-03-18 04:09:08 +0000  copying file ./Payload/sheperd.app/AppIcon76x76~ipad.png ... 
2019-03-18 04:09:08 +0000  8463 bytes for ./Payload/sheperd.app/AppIcon76x76~ipad.png
2019-03-18 04:09:08 +0000  copying file ./Payload/sheperd.app/LaunchImage-700-Landscape~ipad.png ... 
2019-03-18 04:09:08 +0000  76512 bytes for ./Payload/sheperd.app/LaunchImage-700-Landscape~ipad.png
2019-03-18 04:09:08 +0000  copying file ./Payload/sheperd.app/sheperd ... 
2019-03-18 04:09:08 +0000  561264 bytes for ./Payload/sheperd.app/sheperd
2019-03-18 04:09:08 +0000  copying file ./Payload/sheperd.app/MainViewController.nib ... 
2019-03-18 04:09:08 +0000  943 bytes for ./Payload/sheperd.app/MainViewController.nib
copying file ./Payload/sheperd.app/LaunchImage@2x.png ... 
2019-03-18 04:09:08 +0000  55319 bytes for ./Payload/sheperd.app/LaunchImage@2x.png
2019-03-18 04:09:08 +0000  copying file ./Payload/sheperd.app/Info.plist ... 
2019-03-18 04:09:08 +0000  1959 bytes for ./Payload/sheperd.app/Info.plist
copying file ./Payload/sheperd.app/AppIcon40x40~ipad.png ... 
2019-03-18 04:09:08 +0000  4450 bytes for ./Payload/sheperd.app/AppIcon40x40~ipad.png
2019-03-18 04:09:08 +0000  copying file ./Payload/sheperd.app/AppIcon83.5x83.5@2x~ipad.png ... 
2019-03-18 04:09:08 +0000  28234 bytes for ./Payload/sheperd.app/AppIcon83.5x83.5@2x~ipad.png
2019-03-18 04:09:08 +0000  copying file ./Payload/sheperd.app/LaunchImage-800-667h@2x.png ... 
2019-03-18 04:09:08 +0000  52100 bytes for ./Payload/sheperd.app/LaunchImage-800-667h@2x.png
2019-03-18 04:09:08 +0000  copying file ./Payload/sheperd.app/LaunchImage-700-Portrait@2x~ipad.png ... 
2019-03-18 04:09:08 +0000  154923 bytes for ./Payload/sheperd.app/LaunchImage-700-Portrait@2x~ipad.png
2019-03-18 04:09:08 +0000  copying file ./Payload/sheperd.app/CDVLaunchScreen.storyboardc/01J-lp-oVM-view-Ze5-6b-2t3.nib ... 
2019-03-18 04:09:08 +0000  2281 bytes for ./Payload/sheperd.app/CDVLaunchScreen.storyboardc/01J-lp-oVM-view-Ze5-6b-2t3.nib
copying file ./Payload/sheperd.app/CDVLaunchScreen.storyboardc/UIViewController-01J-lp-oVM.nib ... 
2019-03-18 04:09:08 +0000  832 bytes for ./Payload/sheperd.app/CDVLaunchScreen.storyboardc/UIViewController-01J-lp-oVM.nib
2019-03-18 04:09:08 +0000  copying file ./Payload/sheperd.app/CDVLaunchScreen.storyboardc/Info.plist ... 
2019-03-18 04:09:08 +0000  258 bytes for ./Payload/sheperd.app/CDVLaunchScreen.storyboardc/Info.plist
copying file ./Payload/sheperd.app/LaunchImage-800-Portrait-736h@3x.png ... 
2019-03-18 04:09:08 +0000  62285 bytes for ./Payload/sheperd.app/LaunchImage-800-Portrait-736h@3x.png
2019-03-18 04:09:08 +0000  copying file ./Payload/sheperd.app/AppIcon72x72@2x~ipad.png ... 
2019-03-18 04:09:08 +0000  17926 bytes for ./Payload/sheperd.app/AppIcon72x72@2x~ipad.png
2019-03-18 04:09:08 +0000  copying file ./Payload/sheperd.app/AppIcon50x50~ipad.png ... 
2019-03-18 04:09:08 +0000  5557 bytes for ./Payload/sheperd.app/AppIcon50x50~ipad.png
2019-03-18 04:09:08 +0000  copying file ./Payload/sheperd.app/AppIcon29x29.png ... 
2019-03-18 04:09:08 +0000  3349 bytes for ./Payload/sheperd.app/AppIcon29x29.png
copying file ./Payload/sheperd.app/AppIcon60x60@3x.png ... 
2019-03-18 04:09:08 +0000  33390 bytes for ./Payload/sheperd.app/AppIcon60x60@3x.png
2019-03-18 04:09:08 +0000  copying file ./Payload/sheperd.app/AppIcon72x72~ipad.png ... 
2019-03-18 04:09:08 +0000  8045 bytes for ./Payload/sheperd.app/AppIcon72x72~ipad.png
2019-03-18 04:09:08 +0000  copying file ./Payload/sheperd.app/AppIcon29x29@3x.png ... 
2019-03-18 04:09:08 +0000  9082 bytes for ./Payload/sheperd.app/AppIcon29x29@3x.png
2019-03-18 04:09:08 +0000  copying file ./Payload/sheperd.app/PkgInfo ... 
8 bytes for ./Payload/sheperd.app/PkgInfo
2019-03-18 04:09:08 +0000  copying file ./Payload/sheperd.app/Assets.car ... 
2019-03-18 04:09:08 +0000  242328 bytes for ./Payload/sheperd.app/Assets.car
2019-03-18 04:09:08 +0000  copying file ./Payload/sheperd.app/LaunchImage.png ... 
2019-03-18 04:09:08 +0000  20021 bytes for ./Payload/sheperd.app/LaunchImage.png
2019-03-18 04:09:08 +0000  copying file ./Payload/sheperd.app/embedded.mobileprovision ... 
2019-03-18 04:09:08 +0000  7726 bytes for ./Payload/sheperd.app/embedded.mobileprovision
2019-03-18 04:09:08 +0000  copying file ./Payload/sheperd.app/AppIcon40x40@2x.png ... 
2019-03-18 04:09:08 +0000  8883 bytes for ./Payload/sheperd.app/AppIcon40x40@2x.png
2019-03-18 04:09:08 +0000  copying file ./Payload/sheperd.app/AppIcon40x40@3x.png ... 
2019-03-18 04:09:08 +0000  14152 bytes for ./Payload/sheperd.app/AppIcon40x40@3x.png
2019-03-18 04:09:08 +0000  copying file ./Payload/sheperd.app/AppIcon57x57.png ... 
2019-03-18 04:09:08 +0000  5977 bytes for ./Payload/sheperd.app/AppIcon57x57.png
2019-03-18 04:09:08 +0000  copying file ./Payload/sheperd.app/AppIcon57x57@2x.png ... 
2019-03-18 04:09:08 +0000  13012 bytes for ./Payload/sheperd.app/AppIcon57x57@2x.png
2019-03-18 04:09:08 +0000  copying file ./Payload/sheperd.app/AppIcon29x29@2x.png ... 
2019-03-18 04:09:08 +0000  6585 bytes for ./Payload/sheperd.app/AppIcon29x29@2x.png
2019-03-18 04:09:08 +0000  copying file ./Payload/sheperd.app/AppIcon60x60@2x.png ... 
2019-03-18 04:09:08 +0000  14152 bytes for ./Payload/sheperd.app/AppIcon60x60@2x.png
2019-03-18 04:09:08 +0000  /usr/bin/ditto exited with 0
2019-03-18 04:09:08 +0000  Processing step: IDEDistributionAppStoreInformationStep
2019-03-18 04:09:08 +0000  Skipping step: IDEDistributionAppStoreInformationStep because it said so
2019-03-18 04:09:08 +0000  Processing step: IDEDistributionCreateManifestStep
